 Angle (degrees)   Inelastic cross section            (mb/sr)
  .816E-01          1.04    
  .163              .662    
  .245              .326    
  .326              .215    
  .408              .284    
  .489              .109    
  .571              .201    
  .653              .139    
  .734              .106    
  .816              .166    
  .897              .862E-01
  .979              .132    
  1.06              .122    
  1.14              .903E-01
  1.22              .147    
  1.31              .922E-01
  1.39              .125    
  1.47              .147    
  1.55              .962E-01
  1.63              .169    
  1.71              .147    
  1.79              .144    
  1.88              .211    
  1.96              .177    
  2.04              .239    
  2.12              .269    
  2.20              .282    
  2.28              .392    
  2.37              .407    
  2.45              .533    
  2.53              .659    
  2.61              .769    
  2.69              1.06    
  2.77              1.21    
  2.86              1.63    
  2.94              2.07    
  3.02              2.45    
  3.10              3.24    
  3.18              3.82    
  3.26              4.68    
  3.34              5.44    
  3.43              6.22    
  3.51              7.00    
  3.59              7.26    
  3.67              7.74    
  3.75              7.40    
  3.83              7.13    
  3.92              6.40    
  4.00              5.87    
  4.08              5.19    
  4.16              4.85    
  4.24              4.90    
  4.32              5.39    
  4.41              5.96    
  4.49              6.32    
  4.57              6.44    
  4.65              6.27    
  4.73              5.93    
  4.81              5.42    
  4.90              5.13    
  4.98              5.21    
  5.06              5.60    
  5.14              6.07    
  5.22              6.16    
  5.30              5.99    
  5.39              5.47    
  5.47              5.28    
  5.55              5.18    
  5.63              5.63    
  5.71              5.81    
  5.79              6.04    
  5.88              5.66    
  5.96              5.42    
  6.04              5.16    
  6.12              5.38    
  6.20              5.70    
  6.28              5.85    
  6.37              5.77    
  6.45              5.34    
  6.53              5.27    
  6.61              5.26    
  6.69              5.63    
  6.77              5.67    
  6.86              5.61    
  6.94              5.40    
  7.02              5.31    
  7.10              5.53    
  7.18              5.51    
  7.26              5.52    
  7.35              5.23    
  7.43              5.25    
  7.51              5.44    
  7.59              5.65    
  7.67              5.72    
  7.76              5.36    
  7.84              5.25    
  7.92              5.20    
  8.00              5.41    
  8.08              5.48    
  8.16              5.31    
  8.25              5.32    
  8.33              5.34    
  8.41              5.61    
  8.49              5.58    
  8.57              5.32    
  8.65              5.19    
  8.74              5.13    
  8.82              5.38    
  8.90              5.38    
  8.98              5.30    
  9.06              5.33    
  9.15              5.40    
  9.23              5.61    
  9.31              5.45    
  9.39              5.22    
  9.47              5.15    
  9.55              5.16    
  9.64              5.31    
  9.72              5.20    
  9.80              5.17    
  9.88              5.34    
  9.96              5.48    
  10.0              5.61    
  10.1              5.41    
  10.2              5.28    
  10.3              5.32    
  10.4              5.24    
  10.5              5.16    
  10.5              4.99    
  10.6              5.03    
  10.7              5.28    
  10.8              5.32    
  10.9              5.35    
  10.9              5.35    
  11.0              5.43    
  11.1              5.55    
  11.2              5.35    
  11.3              5.21    
  11.4              5.19    
  11.4              5.16    
  11.5              5.15    
  11.6              4.99    
  11.7              5.02    
  11.8              5.24    
  11.8              5.29    
  11.9              5.35    
  12.0              5.36    
  12.1              5.44    
  12.2              5.55    
  12.3              5.36    
  12.3              5.20    
  12.4              5.18    
  12.5              5.10    
  12.6              5.04    
  12.7              4.91    
  12.8              4.94    
  12.8              5.14    
  12.9              5.18    
  13.0              5.22    
  13.1              5.34    
  13.2              5.45    
  13.2              5.56    
  13.3              5.45    
  13.4              5.35    
  13.5              5.39    
  13.6              5.27    
  13.7              5.10    
  13.7              4.99    
  13.8              4.94    
  13.9              5.00    
  14.0              4.95    
  14.1              4.93    
  14.1              5.11    
  14.2              5.22    
  14.3              5.28    
  14.4              5.34    
  14.5              5.40    
  14.6              5.52    
  14.6              5.47    
  14.7              5.32    
  14.8              5.33    
  14.9              5.26    
  15.0              5.09    
  15.1              4.97    
  15.1              4.89    
  15.2              4.91    
  15.3              4.90    
  15.4              4.85    
  15.5              4.99    
  15.5              5.15    
  15.6              5.20    
  15.7              5.30    
  15.8              5.40    
  15.9              5.51    
  16.0              5.56    
  16.0              5.46    
  16.1              5.45    
  16.2              5.45    
  16.3              5.26    
  16.4              5.12    
